<?xml version="1.0" encoding="UTF-8"?>
<testng-results ignored="0" total="1" passed="1" failed="0" skipped="0">
  <reporter-output>
  </reporter-output>
  <suite started-at="2021-08-16T03:41:07 IST" name="Default suite" finished-at="2021-08-16T03:41:54 IST" duration-ms="46929">
    <groups>
    </groups>
    <test started-at="2021-08-16T03:41:07 IST" name="Default test" finished-at="2021-08-16T03:41:54 IST" duration-ms="46929">
      <class name="WalletHub.TestInsuranceReview">
        <test-method is-config="true" signature="beforeTest()[pri:0, instance:WalletHub.TestInsuranceReview@355ce81c]" started-at="2021-08-16T03:41:07 IST" name="beforeTest" finished-at="2021-08-16T03:41:10 IST" duration-ms="2671" status="PASS">
          <reporter-output>
          </reporter-output>
        </test-method> <!-- beforeTest -->
        <test-method signature="writingTestReview()[pri:0, instance:WalletHub.TestInsuranceReview@355ce81c]" started-at="2021-08-16T03:41:10 IST" name="writingTestReview" finished-at="2021-08-16T03:41:54 IST" duration-ms="43441" status="PASS">
          <reporter-output>
          </reporter-output>
        </test-method> <!-- writingTestReview -->
        <test-method is-config="true" signature="afterTest()[pri:0, instance:WalletHub.TestInsuranceReview@355ce81c]" started-at="2021-08-16T03:41:54 IST" name="afterTest" finished-at="2021-08-16T03:41:54 IST" duration-ms="750" status="PASS">
          <reporter-output>
          </reporter-output>
        </test-method> <!-- afterTest -->
      </class> <!-- WalletHub.TestInsuranceReview -->
    </test> <!-- Default test -->
  </suite> <!-- Default suite -->
</testng-results>
